<?xml version="1.0" encoding="UTF-8"?>
<!-- Generated by org.testng.reporters.JUnitReportReporter -->
<testsuite hostname="MC50071708" failures="0" tests="1" name="com.example.demo.DemoApplicationTests" time="2.295" errors="0" timestamp="02 Sep 2021 17:46:23 GMT" skipped="0">
  <testcase classname="com.example.demo.DemoApplicationTests" name="delete" time="2.295"/>
</testsuite> <!-- com.example.demo.DemoApplicationTests -->
